This is pdfTeX, Version 3.141592653-2.6-1.40.25 (TeX Live 2023) (preloaded format=pdflatex 2023.9.27)  5 MAR 2024 14:36
entering extended mode
 \write18 enabled.
 %&-line parsing enabled.
**./lec-perfecthash_and_graph.tex
(/usr/share/texlive/texmf-dist/tex/latex/tools/q.tex
LaTeX2e <2022-11-01> patch level 1
L3 programming layer <2023-02-22> File ignored
)
! Emergency stop.
<*> ./lec-perfecthash_and_graph.tex
                                   
*** (job aborted, no legal \end found)

 
Here is how much of TeX's memory you used:
 18 strings out of 477474
 520 string characters out of 5828717
 1849388 words of memory out of 6000000
 20467 multiletter control sequences out of 15000+600000
 512287 words of font info for 32 fonts, out of 8000000 for 9000
 264 hyphenation exceptions out of 8191
 13i,0n,12p,111b,10s stack positions out of 10000i,1000n,20000p,200000b,200000s
!  ==> Fatal error occurred, no output PDF file produced!
